SF:/Users/buschfe/Development/external/use_in_case/lib/src/interactor.dart
DA:16,8
DA:18,8
DA:19,16
LF:3
LH:3
end_of_record
SF:/Users/buschfe/Development/external/use_in_case/lib/src/after.dart
DA:4,1
DA:7,2
DA:8,3
DA:9,1
LF:4
LH:4
end_of_record
SF:/Users/buschfe/Development/external/use_in_case/lib/src/before.dart
DA:5,1
DA:8,2
DA:9,4
LF:3
LH:3
end_of_record
SF:/Users/buschfe/Development/external/use_in_case/lib/src/busy_state.dart
DA:9,1
DA:12,2
DA:13,1
DA:14,3
DA:15,3
DA:19,1
DA:23,2
DA:27,2
DA:29,1
DA:34,3
DA:37,1
LF:11
LH:11
end_of_record
SF:/Users/buschfe/Development/external/use_in_case/lib/src/eventually.dart
DA:5,1
DA:8,2
DA:9,2
LF:3
LH:3
end_of_record
SF:/Users/buschfe/Development/external/use_in_case/lib/src/intercept.dart
DA:5,1
DA:8,1
DA:11,1
DA:15,2
DA:16,3
DA:17,1
DA:18,1
DA:19,2
LF:8
LH:8
end_of_record
SF:/Users/buschfe/Development/external/use_in_case/lib/src/invoke.dart
DA:5,2
DA:6,1
DA:8,1
DA:12,9
DA:13,9
DA:16,1
DA:18,1
DA:24,1
DA:28,3
DA:29,1
LF:10
LH:10
end_of_record
SF:/Users/buschfe/Development/external/use_in_case/lib/src/recover.dart
DA:5,1
DA:8,1
DA:11,1
DA:15,2
DA:16,2
DA:17,1
DA:18,1
DA:20,2
LF:8
LH:8
end_of_record
SF:/Users/buschfe/Development/external/use_in_case/lib/src/timeout.dart
DA:7,1
DA:11,2
DA:12,2
DA:14,1
DA:15,1
LF:5
LH:5
end_of_record
SF:/Users/buschfe/Development/external/use_in_case/lib/src/map.dart
DA:4,1
DA:7,2
DA:8,4
LF:3
LH:3
end_of_record
